1732093688.984578 client started (872): version 3.5a, socket /private/tmp/tmux-501/default, protocol 8
1732093688.984613 on Darwin 24.0.0 Darwin Kernel Version 24.0.0: Tue Sep 24 23:39:07 PDT 2024; root:xnu-11215.1.12~1/RELEASE_ARM64_T6000
1732093688.984623 using libevent 2.1.12-stable select
1732093688.984646 using utf8proc 2.9.0
1732093688.984651 using ncurses 6.5 20240427
1732093688.984665 flags are 0x18010000
1732093688.984671 socket is /private/tmp/tmux-501/default
1732093688.984681 trying connect
1732093688.984693 connect failed: Connection refused
1732093688.984706 lock file is /private/tmp/tmux-501/default.lock
1732093688.984797 flock succeeded
1732093688.984803 got lock (6)
1732093688.984808 trying connect
1732093688.984814 connect failed: Connection refused
1732093688.985195 add peer 0x140048000: 7 (0x0)
1732093688.986813 sending message 111 to peer 0x140048000 (8 bytes)
1732093688.986824 sending message 111 to peer 0x140048000 (8 bytes)
1732093688.986831 sending message 101 to peer 0x140048000 (15 bytes)
1732093688.986837 sending message 109 to peer 0x140048000 (4 bytes)
1732093688.986842 sending message 102 to peer 0x140048000 (13 bytes)
1732093688.986848 sending message 108 to peer 0x140048000 (31 bytes)
1732093688.986854 sending message 112 to peer 0x140048000 (58 bytes)
1732093688.986858 sending message 112 to peer 0x140048000 (5 bytes)
1732093688.986863 sending message 112 to peer 0x140048000 (5 bytes)
1732093688.986869 sending message 112 to peer 0x140048000 (6 bytes)
1732093688.986873 sending message 112 to peer 0x140048000 (6 bytes)
1732093688.986878 sending message 112 to peer 0x140048000 (11 bytes)
1732093688.986883 sending message 112 to peer 0x140048000 (10 bytes)
1732093688.986888 sending message 112 to peer 0x140048000 (13 bytes)
1732093688.986893 sending message 112 to peer 0x140048000 (14 bytes)
1732093688.986898 sending message 112 to peer 0x140048000 (19 bytes)
1732093688.986902 sending message 112 to peer 0x140048000 (11 bytes)
1732093688.986908 sending message 112 to peer 0x140048000 (10 bytes)
1732093688.986913 sending message 112 to peer 0x140048000 (15 bytes)
1732093688.986917 sending message 112 to peer 0x140048000 (21 bytes)
1732093688.986921 sending message 112 to peer 0x140048000 (13 bytes)
1732093688.986926 sending message 112 to peer 0x140048000 (7 bytes)
1732093688.986932 sending message 112 to peer 0x140048000 (13 bytes)
1732093688.986939 sending message 112 to peer 0x140048000 (7 bytes)
1732093688.986944 sending message 112 to peer 0x140048000 (13 bytes)
1732093688.986949 sending message 112 to peer 0x140048000 (9 bytes)
1732093688.986953 sending message 112 to peer 0x140048000 (21 bytes)
1732093688.986959 sending message 112 to peer 0x140048000 (13 bytes)
1732093688.986963 sending message 112 to peer 0x140048000 (9 bytes)
1732093688.986968 sending message 112 to peer 0x140048000 (16 bytes)
1732093688.986973 sending message 112 to peer 0x140048000 (13 bytes)
1732093688.986977 sending message 112 to peer 0x140048000 (9 bytes)
1732093688.986984 sending message 112 to peer 0x140048000 (9 bytes)
1732093688.986989 sending message 112 to peer 0x140048000 (12 bytes)
1732093688.986995 sending message 112 to peer 0x140048000 (8 bytes)
1732093688.987004 sending message 112 to peer 0x140048000 (8 bytes)
1732093688.987009 sending message 112 to peer 0x140048000 (13 bytes)
1732093688.987013 sending message 112 to peer 0x140048000 (7 bytes)
1732093688.987018 sending message 112 to peer 0x140048000 (7 bytes)
1732093688.987023 sending message 112 to peer 0x140048000 (9 bytes)
1732093688.987028 sending message 112 to peer 0x140048000 (9 bytes)
1732093688.987033 sending message 112 to peer 0x140048000 (15 bytes)
1732093688.987037 sending message 112 to peer 0x140048000 (13 bytes)
1732093688.987042 sending message 112 to peer 0x140048000 (12 bytes)
1732093688.987045 sending message 112 to peer 0x140048000 (8 bytes)
1732093688.987049 sending message 112 to peer 0x140048000 (14 bytes)
1732093688.987054 sending message 112 to peer 0x140048000 (11 bytes)
1732093688.987059 sending message 112 to peer 0x140048000 (9 bytes)
1732093688.987075 sending message 112 to peer 0x140048000 (10 bytes)
1732093688.987079 sending message 112 to peer 0x140048000 (10 bytes)
1732093688.987083 sending message 112 to peer 0x140048000 (10 bytes)
1732093688.987086 sending message 112 to peer 0x140048000 (10 bytes)
1732093688.987090 sending message 112 to peer 0x140048000 (11 bytes)
1732093688.987093 sending message 112 to peer 0x140048000 (12 bytes)
1732093688.987097 sending message 112 to peer 0x140048000 (12 bytes)
1732093688.987101 sending message 112 to peer 0x140048000 (12 bytes)
1732093688.987104 sending message 112 to peer 0x140048000 (12 bytes)
1732093688.987108 sending message 112 to peer 0x140048000 (12 bytes)
1732093688.987113 sending message 112 to peer 0x140048000 (11 bytes)
1732093688.987116 sending message 112 to peer 0x140048000 (11 bytes)
1732093688.987120 sending message 112 to peer 0x140048000 (12 bytes)
1732093688.987123 sending message 112 to peer 0x140048000 (12 bytes)
1732093688.987127 sending message 112 to peer 0x140048000 (12 bytes)
1732093688.987131 sending message 112 to peer 0x140048000 (12 bytes)
1732093688.987134 sending message 112 to peer 0x140048000 (12 bytes)
1732093688.987139 sending message 112 to peer 0x140048000 (9 bytes)
1732093688.987144 sending message 112 to peer 0x140048000 (12 bytes)
1732093688.987148 sending message 112 to peer 0x140048000 (13 bytes)
1732093688.987152 sending message 112 to peer 0x140048000 (13 bytes)
1732093688.987157 sending message 112 to peer 0x140048000 (13 bytes)
1732093688.987164 sending message 112 to peer 0x140048000 (13 bytes)
1732093688.987168 sending message 112 to peer 0x140048000 (13 bytes)
1732093688.987171 sending message 112 to peer 0x140048000 (8 bytes)
1732093688.987174 sending message 112 to peer 0x140048000 (11 bytes)
1732093688.987177 sending message 112 to peer 0x140048000 (11 bytes)
1732093688.987181 sending message 112 to peer 0x140048000 (11 bytes)
1732093688.987185 sending message 112 to peer 0x140048000 (12 bytes)
1732093688.987189 sending message 112 to peer 0x140048000 (12 bytes)
1732093688.987193 sending message 112 to peer 0x140048000 (12 bytes)
1732093688.987197 sending message 112 to peer 0x140048000 (12 bytes)
1732093688.987201 sending message 112 to peer 0x140048000 (13 bytes)
1732093688.987205 sending message 112 to peer 0x140048000 (13 bytes)
1732093688.987208 sending message 112 to peer 0x140048000 (13 bytes)
1732093688.987212 sending message 112 to peer 0x140048000 (8 bytes)
1732093688.987216 sending message 112 to peer 0x140048000 (13 bytes)
1732093688.987219 sending message 112 to peer 0x140048000 (13 bytes)
1732093688.987223 sending message 112 to peer 0x140048000 (13 bytes)
1732093688.987226 sending message 112 to peer 0x140048000 (13 bytes)
1732093688.987230 sending message 112 to peer 0x140048000 (13 bytes)
1732093688.987234 sending message 112 to peer 0x140048000 (12 bytes)
1732093688.987238 sending message 112 to peer 0x140048000 (12 bytes)
1732093688.987241 sending message 112 to peer 0x140048000 (12 bytes)
1732093688.987247 sending message 112 to peer 0x140048000 (12 bytes)
1732093688.987253 sending message 112 to peer 0x140048000 (13 bytes)
1732093688.987257 sending message 112 to peer 0x140048000 (8 bytes)
1732093688.987261 sending message 112 to peer 0x140048000 (13 bytes)
1732093688.987265 sending message 112 to peer 0x140048000 (13 bytes)
1732093688.987270 sending message 112 to peer 0x140048000 (13 bytes)
1732093688.987274 sending message 112 to peer 0x140048000 (13 bytes)
1732093688.987278 sending message 112 to peer 0x140048000 (13 bytes)
1732093688.987281 sending message 112 to peer 0x140048000 (13 bytes)
1732093688.987285 sending message 112 to peer 0x140048000 (13 bytes)
1732093688.987289 sending message 112 to peer 0x140048000 (12 bytes)
1732093688.987294 sending message 112 to peer 0x140048000 (12 bytes)
1732093688.987298 sending message 112 to peer 0x140048000 (12 bytes)
1732093688.987300 sending message 112 to peer 0x140048000 (8 bytes)
1732093688.987303 sending message 112 to peer 0x140048000 (12 bytes)
1732093688.987307 sending message 112 to peer 0x140048000 (13 bytes)
1732093688.987316 sending message 112 to peer 0x140048000 (13 bytes)
1732093688.987320 sending message 112 to peer 0x140048000 (13 bytes)
1732093688.987324 sending message 112 to peer 0x140048000 (13 bytes)
1732093688.987328 sending message 112 to peer 0x140048000 (13 bytes)
1732093688.987331 sending message 112 to peer 0x140048000 (13 bytes)
1732093688.987335 sending message 112 to peer 0x140048000 (13 bytes)
1732093688.987338 sending message 112 to peer 0x140048000 (13 bytes)
1732093688.987342 sending message 112 to peer 0x140048000 (12 bytes)
1732093688.987345 sending message 112 to peer 0x140048000 (10 bytes)
1732093688.987349 sending message 112 to peer 0x140048000 (12 bytes)
1732093688.987353 sending message 112 to peer 0x140048000 (12 bytes)
1732093688.987357 sending message 112 to peer 0x140048000 (12 bytes)
1732093688.987360 sending message 112 to peer 0x140048000 (13 bytes)
1732093688.987363 sending message 112 to peer 0x140048000 (13 bytes)
1732093688.987367 sending message 112 to peer 0x140048000 (13 bytes)
1732093688.987372 sending message 112 to peer 0x140048000 (13 bytes)
1732093688.987375 sending message 112 to peer 0x140048000 (13 bytes)
1732093688.987380 sending message 112 to peer 0x140048000 (13 bytes)
1732093688.987384 sending message 112 to peer 0x140048000 (13 bytes)
1732093688.987389 sending message 112 to peer 0x140048000 (10 bytes)
1732093688.987394 sending message 112 to peer 0x140048000 (13 bytes)
1732093688.987398 sending message 112 to peer 0x140048000 (12 bytes)
1732093688.987401 sending message 112 to peer 0x140048000 (12 bytes)
1732093688.987405 sending message 112 to peer 0x140048000 (12 bytes)
1732093688.987409 sending message 112 to peer 0x140048000 (10 bytes)
1732093688.987413 sending message 112 to peer 0x140048000 (10 bytes)
1732093688.987418 sending message 112 to peer 0x140048000 (10 bytes)
1732093688.987422 sending message 112 to peer 0x140048000 (12 bytes)
1732093688.987426 sending message 112 to peer 0x140048000 (13 bytes)
1732093688.987429 sending message 112 to peer 0x140048000 (13 bytes)
1732093688.987432 sending message 112 to peer 0x140048000 (13 bytes)
1732093688.987436 sending message 112 to peer 0x140048000 (13 bytes)
1732093688.987438 sending message 112 to peer 0x140048000 (13 bytes)
1732093688.987442 sending message 112 to peer 0x140048000 (10 bytes)
1732093688.987446 sending message 112 to peer 0x140048000 (11 bytes)
1732093688.987449 sending message 112 to peer 0x140048000 (12 bytes)
1732093688.987453 sending message 112 to peer 0x140048000 (12 bytes)
1732093688.987457 sending message 112 to peer 0x140048000 (12 bytes)
1732093688.987461 sending message 112 to peer 0x140048000 (12 bytes)
1732093688.987464 sending message 112 to peer 0x140048000 (12 bytes)
1732093688.987467 sending message 112 to peer 0x140048000 (11 bytes)
1732093688.987471 sending message 112 to peer 0x140048000 (12 bytes)
1732093688.987475 sending message 112 to peer 0x140048000 (12 bytes)
1732093688.987478 sending message 112 to peer 0x140048000 (13 bytes)
1732093688.987482 sending message 112 to peer 0x140048000 (13 bytes)
1732093688.987486 sending message 112 to peer 0x140048000 (13 bytes)
1732093688.987491 sending message 112 to peer 0x140048000 (13 bytes)
1732093688.987497 sending message 112 to peer 0x140048000 (13 bytes)
1732093688.987503 sending message 112 to peer 0x140048000 (10 bytes)
1732093688.987507 sending message 112 to peer 0x140048000 (9 bytes)
1732093688.987511 sending message 112 to peer 0x140048000 (12 bytes)
1732093688.987514 sending message 112 to peer 0x140048000 (13 bytes)
1732093688.987518 sending message 112 to peer 0x140048000 (13 bytes)
1732093688.987521 sending message 112 to peer 0x140048000 (13 bytes)
1732093688.987526 sending message 112 to peer 0x140048000 (13 bytes)
1732093688.987530 sending message 112 to peer 0x140048000 (13 bytes)
1732093688.987533 sending message 112 to peer 0x140048000 (9 bytes)
1732093688.987537 sending message 112 to peer 0x140048000 (12 bytes)
1732093688.987540 sending message 112 to peer 0x140048000 (13 bytes)
1732093688.987549 sending message 112 to peer 0x140048000 (13 bytes)
1732093688.987553 sending message 112 to peer 0x140048000 (13 bytes)
1732093688.987555 sending message 112 to peer 0x140048000 (13 bytes)
1732093688.987560 sending message 112 to peer 0x140048000 (13 bytes)
1732093688.987562 sending message 112 to peer 0x140048000 (11 bytes)
1732093688.987566 sending message 112 to peer 0x140048000 (12 bytes)
1732093688.987570 sending message 112 to peer 0x140048000 (13 bytes)
1732093688.987573 sending message 112 to peer 0x140048000 (13 bytes)
1732093688.987577 sending message 112 to peer 0x140048000 (13 bytes)
1732093688.987581 sending message 112 to peer 0x140048000 (13 bytes)
1732093688.987585 sending message 112 to peer 0x140048000 (13 bytes)
1732093688.987588 sending message 112 to peer 0x140048000 (11 bytes)
1732093688.987592 sending message 112 to peer 0x140048000 (12 bytes)
1732093688.987596 sending message 112 to peer 0x140048000 (12 bytes)
1732093688.987599 sending message 112 to peer 0x140048000 (12 bytes)
1732093688.987603 sending message 112 to peer 0x140048000 (12 bytes)
1732093688.987607 sending message 112 to peer 0x140048000 (12 bytes)
1732093688.987611 sending message 112 to peer 0x140048000 (21 bytes)
1732093688.987615 sending message 112 to peer 0x140048000 (12 bytes)
1732093688.987619 sending message 112 to peer 0x140048000 (9 bytes)
1732093688.987623 sending message 112 to peer 0x140048000 (6 bytes)
1732093688.987627 sending message 112 to peer 0x140048000 (13 bytes)
1732093688.987632 sending message 112 to peer 0x140048000 (10 bytes)
1732093688.987637 sending message 112 to peer 0x140048000 (24 bytes)
1732093688.987641 sending message 112 to peer 0x140048000 (13 bytes)
1732093688.987646 sending message 112 to peer 0x140048000 (9 bytes)
1732093688.987649 sending message 112 to peer 0x140048000 (70 bytes)
1732093688.987653 sending message 112 to peer 0x140048000 (69 bytes)
1732093688.987657 sending message 112 to peer 0x140048000 (12 bytes)
1732093688.987660 sending message 112 to peer 0x140048000 (10 bytes)
1732093688.987664 sending message 112 to peer 0x140048000 (10 bytes)
1732093688.987667 sending message 112 to peer 0x140048000 (24 bytes)
1732093688.987671 sending message 112 to peer 0x140048000 (13 bytes)
1732093688.987674 sending message 112 to peer 0x140048000 (10 bytes)
1732093688.987677 sending message 112 to peer 0x140048000 (10 bytes)
1732093688.987680 sending message 112 to peer 0x140048000 (10 bytes)
1732093688.987685 sending message 112 to peer 0x140048000 (13 bytes)
1732093688.987688 sending message 112 to peer 0x140048000 (15 bytes)
1732093688.987691 sending message 112 to peer 0x140048000 (5 bytes)
1732093688.987696 sending message 104 to peer 0x140048000 (0 bytes)
1732093688.987700 sending message 110 to peer 0x140048000 (0 bytes)
1732093688.987704 sending message 107 to peer 0x140048000 (4 bytes)
1732093688.987708 sending message 105 to peer 0x140048000 (20 bytes)
1732093688.987713 sending message 105 to peer 0x140048000 (22 bytes)
1732093688.987718 sending message 105 to peer 0x140048000 (23 bytes)
1732093688.987723 sending message 105 to peer 0x140048000 (17 bytes)
1732093688.987727 sending message 105 to peer 0x140048000 (19 bytes)
1732093688.987732 sending message 105 to peer 0x140048000 (657 bytes)
1732093688.987737 sending message 105 to peer 0x140048000 (15 bytes)
1732093688.987741 sending message 105 to peer 0x140048000 (66 bytes)
1732093688.987744 sending message 105 to peer 0x140048000 (22 bytes)
1732093688.987748 sending message 105 to peer 0x140048000 (20 bytes)
1732093688.987753 sending message 105 to peer 0x140048000 (26 bytes)
1732093688.987756 sending message 105 to peer 0x140048000 (51 bytes)
1732093688.987760 sending message 105 to peer 0x140048000 (57 bytes)
1732093688.987764 sending message 105 to peer 0x140048000 (16 bytes)
1732093688.987767 sending message 105 to peer 0x140048000 (17 bytes)
1732093688.987771 sending message 105 to peer 0x140048000 (30 bytes)
1732093688.987775 sending message 105 to peer 0x140048000 (23 bytes)
1732093688.987785 sending message 105 to peer 0x140048000 (14 bytes)
1732093688.987788 sending message 105 to peer 0x140048000 (19 bytes)
1732093688.987792 sending message 105 to peer 0x140048000 (42 bytes)
1732093688.987796 sending message 105 to peer 0x140048000 (34 bytes)
1732093688.987798 sending message 105 to peer 0x140048000 (8 bytes)
1732093688.987802 sending message 105 to peer 0x140048000 (35 bytes)
1732093688.987805 sending message 105 to peer 0x140048000 (25 bytes)
1732093688.987809 sending message 105 to peer 0x140048000 (30 bytes)
1732093688.987813 sending message 105 to peer 0x140048000 (37 bytes)
1732093688.987816 sending message 105 to peer 0x140048000 (34 bytes)
1732093688.987819 sending message 105 to peer 0x140048000 (35 bytes)
1732093688.987823 sending message 105 to peer 0x140048000 (33 bytes)
1732093688.987826 sending message 105 to peer 0x140048000 (11 bytes)
1732093688.987830 sending message 105 to peer 0x140048000 (8 bytes)
1732093688.987837 sending message 105 to peer 0x140048000 (32 bytes)
1732093688.987841 sending message 105 to peer 0x140048000 (96 bytes)
1732093688.987845 sending message 105 to peer 0x140048000 (10 bytes)
1732093688.987848 sending message 105 to peer 0x140048000 (91 bytes)
1732093688.987852 sending message 105 to peer 0x140048000 (91 bytes)
1732093688.987856 sending message 105 to peer 0x140048000 (91 bytes)
1732093688.987859 sending message 105 to peer 0x140048000 (91 bytes)
1732093688.987863 sending message 105 to peer 0x140048000 (91 bytes)
1732093688.987866 sending message 105 to peer 0x140048000 (70 bytes)
1732093688.987870 sending message 105 to peer 0x140048000 (16 bytes)
1732093688.987873 sending message 105 to peer 0x140048000 (96 bytes)
1732093688.987877 sending message 105 to peer 0x140048000 (105 bytes)
1732093688.987881 sending message 105 to peer 0x140048000 (91 bytes)
1732093688.987886 sending message 105 to peer 0x140048000 (22 bytes)
1732093688.987891 sending message 105 to peer 0x140048000 (25 bytes)
1732093688.987895 sending message 106 to peer 0x140048000 (0 bytes)
1732093688.987941 sending message 200 to peer 0x140048000 (4 bytes)
1732093688.987946 client loop enter
1732093688.987960 client_signal: Child exited: 20
1732093689.049641 peer 0x140048000 message 207
1732093689.049715 sending message 208 to peer 0x140048000 (0 bytes)
1732093730.128888 peer 0x140048000 message 201
1732093730.128931 sending message 205 to peer 0x140048000 (0 bytes)
1732093730.129257 peer 0x140048000 message 204
1732093730.129277 client loop exit
